         w __deregister_frame_info
         w __gnu_Unwind_Find_exidx
         w __register_frame_info
         w pthread_cancel
         w pthread_getspecific
         w pthread_key_create
         w pthread_key_delete
         w pthread_mutex_lock
         w pthread_mutex_unlock
         w pthread_setspecific
         w userAppExit
         w userAppInit
00000000 00000802 B __ctru_dev_utf16_buf
00000000 A __sync_synchronize
00000000 b _TLS_MODULE_BASE_
00000000 a shift
00000000 a shift
00000804 00000401 B __ctru_dev_path_buf
00100000 A __start__
00100000 T _start
00100008 T __service_ptr
0010000c T __apt_appid
00100010 T __heap_size
00100014 T __linear_heap_size
00100018 T __system_arglist
0010001c T __system_runflags
00100020 t startup
00100058 t ClearMem
0010006c t ClrLoop
00100094 T _init
001000ac t .udivsi3_skip_div0_test
001000ac T __aeabi_uidiv
001000ac 000001ec T __udivsi3
00100298 00000020 T __aeabi_uidivmod
001002b8 T __aeabi_idiv
001002b8 00000220 T __divsi3
001002c0 t .divsi3_skip_div0_test
001004d8 00000020 T __aeabi_idivmod
001004f8 00000004 W __aeabi_idiv0
001004f8 00000004 W __aeabi_ldiv0
001004fc T __aeabi_uldivmod
00100538 00000014 T __restore_core_regs
00100538 00000014 T restore_core_regs
0010054c T __gnu_Unwind_Restore_VFP
00100554 T __gnu_Unwind_Save_VFP
0010055c T __gnu_Unwind_Restore_VFP_D
00100564 T __gnu_Unwind_Save_VFP_D
0010056c T __gnu_Unwind_Restore_VFP_D_16_to_31
00100574 T __gnu_Unwind_Save_VFP_D_16_to_31
0010057c T __gnu_Unwind_Restore_WMMXD
001005c0 T __gnu_Unwind_Save_WMMXD
00100604 T __gnu_Unwind_Restore_WMMXC
00100618 T __gnu_Unwind_Save_WMMXC
0010062c 00000024 T ___Unwind_RaiseException
0010062c 00000024 T _Unwind_RaiseException
00100650 00000024 T ___Unwind_Resume
00100650 00000024 T _Unwind_Resume
00100674 00000024 T ___Unwind_Resume_or_Rethrow
00100674 00000024 T _Unwind_Resume_or_Rethrow
00100698 00000024 T ___Unwind_ForcedUnwind
00100698 00000024 T _Unwind_ForcedUnwind
001006bc 00000024 T ___Unwind_Backtrace
001006bc 00000024 T _Unwind_Backtrace
001006e8 00000390 T strcmp
00100a70 t __do_global_dtors_aux
00100ab0 t frame_dummy
00100adc 0000008c t void std::__cxx11::basic_string<char, std::char_traits<char>, std::allocator<char> >::_M_construct<char const*>(char const*, char const*, std::forward_iterator_tag) [clone .isra.0]
00100b68 0000008c t void std::__cxx11::basic_string<char, std::char_traits<char>, std::allocator<char> >::_M_construct<char*>(char*, char*, std::forward_iterator_tag) [clone .isra.0]
00100bf4 00000270 t void std::__unguarded_linear_insert<__gnu_cxx::__normal_iterator<std::__cxx11::basic_string<char, std::char_traits<char>, std::allocator<char> >*, std::vector<std::__cxx11::basic_string<char, std::char_traits<char>, std::allocator<char> >, std::allocator<std::__cxx11::basic_string<char, std::char_traits<char>, std::allocator<char> > > > >, __gnu_cxx::__ops::_Val_less_iter>(__gnu_cxx::__normal_iterator<std::__cxx11::basic_string<char, std::char_traits<char>, std::allocator<char> >*, std::vector<std::__cxx11::basic_string<char, std::char_traits<char>, std::allocator<char> >, std::allocator<std::__cxx11::basic_string<char, std::char_traits<char>, std::allocator<char> > > > >, __gnu_cxx::__ops::_Val_less_iter) [clone .isra.0]
00100e64 0000032c t void std::__insertion_sort<__gnu_cxx::__normal_iterator<std::__cxx11::basic_string<char, std::char_traits<char>, std::allocator<char> >*, std::vector<std::__cxx11::basic_string<char, std::char_traits<char>, std::allocator<char> >, std::allocator<std::__cxx11::basic_string<char, std::char_traits<char>, std::allocator<char> > > > >, __gnu_cxx::__ops::_Iter_less_iter>(__gnu_cxx::__normal_iterator<std::__cxx11::basic_string<char, std::char_traits<char>, std::allocator<char> >*, std::vector<std::__cxx11::basic_string<char, std::char_traits<char>, std::allocator<char> >, std::allocator<std::__cxx11::basic_string<char, std::char_traits<char>, std::allocator<char> > > > >, __gnu_cxx::__normal_iterator<std::__cxx11::basic_string<char, std::char_traits<char>, std::allocator<char> >*, std::vector<std::__cxx11::basic_string<char, std::char_traits<char>, std::allocator<char> >, std::allocator<std::__cxx11::basic_string<char, std::char_traits<char>, std::allocator<char> > > > >, __gnu_cxx::__ops::_Iter_less_iter) [clone .isra.0]
00101190 0000061c t void std::__adjust_heap<__gnu_cxx::__normal_iterator<std::__cxx11::basic_string<char, std::char_traits<char>, std::allocator<char> >*, std::vector<std::__cxx11::basic_string<char, std::char_traits<char>, std::allocator<char> >, std::allocator<std::__cxx11::basic_string<char, std::char_traits<char>, std::allocator<char> > > > >, int, std::__cxx11::basic_string<char, std::char_traits<char>, std::allocator<char> >, __gnu_cxx::__ops::_Iter_less_iter>(__gnu_cxx::__normal_iterator<std::__cxx11::basic_string<char, std::char_traits<char>, std::allocator<char> >*, std::vector<std::__cxx11::basic_string<char, std::char_traits<char>, std::allocator<char> >, std::allocator<std::__cxx11::basic_string<char, std::char_traits<char>, std::allocator<char> > > > >, int, int, std::__cxx11::basic_string<char, std::char_traits<char>, std::allocator<char> >, __gnu_cxx::__ops::_Iter_less_iter) [clone .isra.0]
001017ac 000002a0 T playOGG(char const*)
00101a4c 00000168 W void std::vector<std::__cxx11::basic_string<char, std::char_traits<char>, std::allocator<char> >, std::allocator<std::__cxx11::basic_string<char, std::char_traits<char>, std::allocator<char> > > >::_M_realloc_append<std::__cxx11::basic_string<char, std::char_traits<char>, std::allocator<char> > const&>(std::__cxx11::basic_string<char, std::char_traits<char>, std::allocator<char> > const&)
00101bb4 00000340 W void std::__heap_select<__gnu_cxx::__normal_iterator<std::__cxx11::basic_string<char, std::char_traits<char>, std::allocator<char> >*, std::vector<std::__cxx11::basic_string<char, std::char_traits<char>, std::allocator<char> >, std::allocator<std::__cxx11::basic_string<char, std::char_traits<char>, std::allocator<char> > > > >, __gnu_cxx::__ops::_Iter_less_iter>(__gnu_cxx::__normal_iterator<std::__cxx11::basic_string<char, std::char_traits<char>, std::allocator<char> >*, std::vector<std::__cxx11::basic_string<char, std::char_traits<char>, std::allocator<char> >, std::allocator<std::__cxx11::basic_string<char, std::char_traits<char>, std::allocator<char> > > > >, __gnu_cxx::__normal_iterator<std::__cxx11::basic_string<char, std::char_traits<char>, std::allocator<char> >*, std::vector<std::__cxx11::basic_string<char, std::char_traits<char>, std::allocator<char> >, std::allocator<std::__cxx11::basic_string<char, std::char_traits<char>, std::allocator<char> > > > >, __gnu_cxx::__normal_iterator<std::__cxx11::basic_string<char, std::char_traits<char>, std::allocator<char> >*, std::vector<std::__cxx11::basic_string<char, std::char_traits<char>, std::allocator<char> >, std::allocator<std::__cxx11::basic_string<char, std::char_traits<char>, std::allocator<char> > > > >, __gnu_cxx::__ops::_Iter_less_iter)
00101ef4 0000044c t void std::__introsort_loop<__gnu_cxx::__normal_iterator<std::__cxx11::basic_string<char, std::char_traits<char>, std::allocator<char> >*, std::vector<std::__cxx11::basic_string<char, std::char_traits<char>, std::allocator<char> >, std::allocator<std::__cxx11::basic_string<char, std::char_traits<char>, std::allocator<char> > > > >, int, __gnu_cxx::__ops::_Iter_less_iter>(__gnu_cxx::__normal_iterator<std::__cxx11::basic_string<char, std::char_traits<char>, std::allocator<char> >*, std::vector<std::__cxx11::basic_string<char, std::char_traits<char>, std::allocator<char> >, std::allocator<std::__cxx11::basic_string<char, std::char_traits<char>, std::allocator<char> > > > >, __gnu_cxx::__normal_iterator<std::__cxx11::basic_string<char, std::char_traits<char>, std::allocator<char> >*, std::vector<std::__cxx11::basic_string<char, std::char_traits<char>, std::allocator<char> >, std::allocator<std::__cxx11::basic_string<char, std::char_traits<char>, std::allocator<char> > > > >, int, __gnu_cxx::__ops::_Iter_less_iter) [clone .isra.0]
00102340 000001f0 T getOggFiles[abi:cxx11](char const*)
00102530 00000238 T main
00102768 00000124 t _get_next_page
0010288c 00000104 t _initial_pcmoffset
00102990 00000080 t _seek_helper
00102a10 0000001c t _fseek64_wrap
00102a2c 00000098 t _make_decode_ready
00102ac4 00000208 t _get_prev_page_serial
00102ccc 00000354 t _fetch_headers
00103020 00000538 t _bisect_forward_serialno
00103558 0000036c t _fetch_and_process_packet.constprop.10
001038c4 000000f4 T ov_clear
001039b8 00000214 t _ov_open1
00103bcc 0000004c T ov_pcm_total
00103c18 00000058 t ov_pcm_total.part.3
00103c70 0000049c T ov_raw_seek
0010410c 000001ac t _open_seekable2
001042b8 000000a0 T ov_open_callbacks
00104358 0000004c T ov_open
001043a4 00000058 T ov_info
001043fc 0000017c T ov_read
00104578 00000024 T vorbis_block_init
0010459c 00000074 T _vorbis_block_alloc
00104610 00000078 T _vorbis_block_ripcord
00104688 00000034 T vorbis_block_clear
001046bc 00000078 T vorbis_synthesis_restart
00104734 00000124 T vorbis_dsp_clear
00104858 000002cc T vorbis_synthesis_init
00104b24 00000650 T vorbis_synthesis_blockin
00105174 00000074 T vorbis_synthesis_pcmout
001051e8 00000030 T vorbis_synthesis_read
00105218 000000b8 T _vorbis_window
001052d0 00000164 T _vorbis_apply_window
00105434 000001c4 t _vorbis_synthesis1
001055f8 00000008 T vorbis_synthesis
00105600 00000088 T vorbis_packet_blocksize
00105688 00000018 T vorbis_comment_init
001056a0 0000008c T vorbis_comment_clear
0010572c 00000040 T vorbis_info_init
0010576c 000001a8 T vorbis_info_clear
00105914 000000b0 T vorbis_synthesis_idheader
001059c4 000006b0 T vorbis_synthesis_headerin
00106074 000003d0 T vorbis_staticbook_unpack
00106444 000001b0 T vorbis_book_decode
001065f4 00000550 T vorbis_book_decodevs_add
00106b44 00000448 T vorbis_book_decodev_add
00106f8c 00000460 T vorbis_book_decodev_set
001073ec 00000424 T vorbis_book_decodevv_add
00107810 0000005c t bitreverse
0010786c 0000002c t sort32a
00107898 00000024 T _ilog
001078bc 00000284 T _make_words
00107b40 000000ac T _book_maptype1_quantvals
00107bec 00000728 t _book_unquantize.part.1
00108314 00000034 T vorbis_staticbook_destroy
00108348 0000006c T vorbis_book_clear
001083b4 000004d0 T vorbis_book_init_decode
00108884 00000018 t icomp
0010889c 00000240 t floor1_inverse2
00108adc 00000324 t floor1_inverse1
00108e00 0000000c t floor1_free_look
00108e0c 0000000c t floor1_free_info
00108e18 00000208 t floor1_look
00109020 0000031c t floor1_unpack
0010933c 00000154 t floor0_inverse1
00109490 0000000c t floor0_free_info
0010949c 0000011c t floor0_unpack
001095b8 00000038 t floor0_free_look
001095f0 00000244 t floor0_look
00109834 000003e0 T vorbis_lsp_to_curve
00109c14 0000006c t floor0_inverse2
00109c80 0000000c T res0_free_info
00109c8c 00000218 T res0_unpack
00109ea4 000002a8 T res0_look
0010a14c 000002bc t _01inverse
0010a408 00000068 T res0_inverse
0010a470 00000068 T res1_inverse
0010a4d8 00000254 T res2_inverse
0010a72c 0000008c T res0_free_look
0010a7b8 000004a8 t mapping0_inverse
0010ac60 0000000c t mapping0_free_info
0010ac6c 00000140 t mapping0_look
0010adac 00000260 t mapping0_unpack
0010b00c 00000090 t mapping0_free_look
0010b09c 00001a00 T mdct_backward
0010ca9c 00000100 t _os_update_crc
0010cb9c 0000012c t _packetout
0010ccc8 00000010 T ogg_page_bos
0010ccd8 00000010 T ogg_page_eos
0010cce8 00000044 T ogg_page_granulepos
0010cd2c 0000000c T ogg_page_serialno
0010cd38 00000054 T ogg_stream_clear
0010cd8c 00000098 T ogg_stream_init
0010ce24 00000078 t _os_body_expand
0010ce9c 0000008c t _os_lacing_expand
0010cf28 00000078 T ogg_page_checksum_set
0010cfa0 00000030 T ogg_sync_init
0010cfd0 00000044 T ogg_sync_clear
0010d014 000000c8 T ogg_sync_buffer
0010d0dc 00000034 T ogg_sync_wrote
0010d110 000001d8 T ogg_sync_pageseek
0010d2e8 00000380 T ogg_stream_pagein
0010d668 00000030 T ogg_sync_reset
0010d698 00000068 T ogg_stream_reset
0010d700 00000068 T ogg_stream_reset_serialno
0010d768 00000024 T ogg_stream_packetout
0010d78c 0000001c T oggpack_readinit
0010d7a8 000000c4 T oggpack_look
0010d86c 00000064 T oggpack_adv
0010d8d0 000000fc T oggpack_read
0010d9cc 00000014 T oggpack_bytes
0010d9e0 00000024 t addrMapNodeComparator(rbtree_node const*, rbtree_node const*)
0010da04 00000004 t addrMapNodeDestructor(rbtree_node*)
0010da08 00000120 T linearMemAlign
0010db28 00000008 T linearAlloc
0010db30 0000005c T linearFree
0010db8c 00000080 T MemPool::CoalesceRight(MemBlock*)
0010dc0c 0000016c T MemPool::Allocate(MemChunk&, unsigned long, int)
0010dd78 000000fc T MemPool::Deallocate(MemChunk const&)
0010de74 00000030 T MemPool::GetFreeSpace()
0010dea4 0000051c t consoleHandleColorEsc
0010e3c0 000000b8 t consoleColorStateShift
0010e478 000001ac T consoleDrawChar
0010e624 00000124 T consolePrintChar
0010e748 000006f4 T con_write
0010ee3c 000000fc t newRow
0010ef38 0000018c T consoleInit
0010f0c4 000000b8 T consoleClear
0010f17c 000000d0 t gfxPresentFramebuffer
0010f24c 0000001c T gfxIsWide
0010f268 000000ec T gfxSetScreenFormat
0010f354 00000010 T gfxSetDoubleBuffering
0010f364 000000e0 T gfxInit
0010f444 00000010 T gfxInitDefault
0010f454 000000b4 T gfxExit
0010f508 000000a0 T gfxGetFramebuffer
0010f5a8 00000104 T gfxFlushBuffers
0010f6ac 00000050 T gfxSwapBuffersGpu
0010f6fc 000000e4 T ndspChnReset
0010f7e0 00000018 T ndspChnSetFormat
0010f7f8 00000048 T ndspChnSetInterp
0010f840 0000005c T ndspChnSetRate
0010f89c 000000bc T ndspChnWaveBufAdd
0010f958 00000040 T ndspiInitChn
0010f998 0000002c T ndspiDirtyChn
0010f9c4 00000458 T ndspiUpdateChn
0010fe1c 00000180 T ndspiReadChnState
0010ff9c 00000158 t ndspUpdateMaster
001100f8 00000110 t ndspFinalize
00110208 00000250 t ndspInitialize.part.0
00110458 000000fc t ndspHookCallback
00110558 00000318 t ndspThreadMain
00110870 000003c4 T ndspInit
00110c34 000000cc T ndspExit
00110d00 000001ac t aptConvertScreenForCapture
00110eac 00000158 T aptSendCommand
00111008 00000044 t aptExitProcess
0011104c 0000038c T aptExit
001113d8 000000e0 T aptHandleSleep
001114b8 00000084 T APT_SleepIfShellClosed
0011153c 00000084 T aptSetSleepAllowed
001115c0 00000084 T APT_UnlockTransition
00111648 000004a4 t aptEventHandler
00111aec 000000b0 T APT_ReceiveParameter
00111b9c 000000ac t aptReceiveParameter.constprop.0
00111c48 000002ac t aptScreenTransfer
00111ef4 00000320 t aptWaitForWakeUp.isra.0
00112214 000000f8 T aptJumpToHomeMenu
0011230c 00000048 T aptMainLoop
00112354 0000022c T aptInit
00112580 0000007c T APT_CheckNew3DS
001125fc 000000a4 T cfguInit
001126a0 0000003c T cfguExit
001126dc 0000004c T CFGU_GetConfigInfoBlk2
00112728 000000a4 t DSP_LoadComponent.part.0
001127cc 000000dc T dspInit
001128a8 00000080 T dspExit
00112928 00000024 T dspHook
0011294c 00000030 T dspUnhook
0011297c 000000b0 T aptDspSleep
00112a2c 000000b8 T aptDspWakeup
00112ae4 00000044 T aptDspCancel
00112b28 00000034 T DSP_SetSemaphore
00112b5c 00000034 T DSP_SetSemaphoreMask
00112b90 00000038 T DSP_GetSemaphoreHandle
00112bc8 0000003c T DSP_LoadComponent
00112c04 00000044 T DSP_RegisterInterruptEvents
00112c48 00000074 T DSP_ReadPipeIfPossible
00112cbc 0000004c T DSP_WriteProcessPipe
00112d08 00000040 T DSP_ConvertProcessAddressFromDspDram
00112d48 00000040 T DSP_RecvData
00112d88 0000004c T DSP_RecvDataIsReady
00112dd4 000000cc T fsInit
00112ea0 0000003c T fsExit
00112edc 00000060 T fsExemptFromSession
00112f3c 00000050 T fsUnexemptFromSession
00112f8c 000000cc T FSUSER_OpenFile
00113058 000000d4 T FSUSER_OpenFileDirectly
0011312c 000000bc T FSUSER_DeleteFile
001131e8 000000f8 T FSUSER_RenameFile
001132e0 000000bc T FSUSER_DeleteDirectory
0011339c 000000d4 T FSUSER_CreateFile
00113470 000000c4 T FSUSER_CreateDirectory
00113534 000000f8 T FSUSER_RenameDirectory
0011362c 000000b4 T FSUSER_OpenDirectory
001136e0 00000094 T FSUSER_OpenArchive
00113774 0000008c T FSUSER_CloseArchive
00113800 00000074 T FSUSER_GetSdmcArchiveResource
00113874 00000064 T FSUSER_IsSdmcWritable
001138d8 00000058 T FSFILE_Read
00113930 00000060 T FSFILE_Write
00113990 00000038 T FSFILE_GetSize
001139c8 00000028 T FSFILE_SetSize
001139f0 0000003c T FSFILE_Close
00113a2c 00000024 T FSFILE_Flush
00113a50 00000050 T FSDIR_Read
00113aa0 0000003c T FSDIR_Close
00113adc 00000c64 t gspHardwareInit
00114740 00000248 T gspInit
00114988 000000f0 T gspExit
00114a78 00000010 T gspHasGpuRight
00114a88 000000a0 T gspPresentBuffer
00114b28 00000044 T gspWaitForEvent
00114b6c 00000004 W gxCmdQueueInterrupt
00114b70 00000158 t gspEventThreadMain
00114cc8 00000050 T GSPGPU_FlushDataCache
00114d18 00000034 T GSPGPU_SetLcdForceBlack
00114d4c 00000068 T GSPGPU_AcquireRight
00114db4 00000048 T GSPGPU_ReleaseRight
00114dfc 0000007c T GSPGPU_ImportDisplayCaptureInfo
00114e78 0000002c T GSPGPU_SaveVramSysArea
00114ea4 0000002c T GSPGPU_RestoreVramSysArea
00114ed0 00000024 W hidShouldUseIrrst
00114ef4 0000018c T hidInit
00115080 000000e8 T hidExit
00115168 000002a4 T hidScanInput
0011540c 00000010 T hidKeysDown
0011541c 00000160 T irrstInit
0011557c 000000cc T irrstExit
00115648 000000b4 T irrstScanInput
001156fc 00000024 T irrstKeysHeld
00115720 00000074 T rbtree_find
00115794 00000010 T rbtree_init
001157a4 000001b0 t do_insert
00115954 00000008 T rbtree_insert
0011595c 00000318 T rbtree_remove
00115c74 00000090 T rbtree_rotate
00115d08 000001e0 W __system_allocateHeaps
00115ee8 00000038 W __libctru_init
00115f20 00000170 W __system_initArgv
00116090 00000030 T __syscall_getreent
001160c0 00000004 T __syscall_lock_acquire
001160c4 00000004 T __syscall_lock_release
001160c8 00000004 T __syscall_lock_acquire_recursive
001160cc 00000004 T __syscall_lock_release_recursive
001160d0 00000004 T __syscall_exit
001160d4 00000050 T initThreadVars
00116124 00000080 T __system_initSyscalls
001161a4 T svcControlMemory
001161c4 T svcQueryMemory
001161f4 T svcExitProcess
001161fc T svcCreateThread
0011621c T svcExitThread
00116224 T svcSleepThread
0011622c T svcReleaseMutex
00116234 T svcCreateEvent
00116248 T svcSignalEvent
00116250 T svcClearEvent
00116258 T svcMapMemoryBlock
00116260 T svcUnmapMemoryBlock
00116268 T svcCreateAddressArbiter
0011627c T svcArbitrateAddressNoTimeout
00116284 T svcCloseHandle
0011628c T svcWaitSynchronization
00116294 T svcWaitSynchronizationN
001162bc T svcDuplicateHandle
001162d0 T svcConnectToPort
001162e4 T svcSendSyncRequest
001162ec T svcGetResourceLimit
00116300 T svcGetResourceLimitLimitValues
00116308 T svcGetResourceLimitCurrentValues
00116310 T svcBreak
00116318 W initSystem
00116368 W __ctru_exit
0011637c 00000024 t addrMapNodeComparator(rbtree_node const*, rbtree_node const*)
001163a0 00000004 t addrMapNodeDestructor(rbtree_node*)
001163a4 0000024c T vramMemAlignAt
001165f0 0000000c T vramAlloc
001165fc 00000090 T vramFree
0011668c 00000084 W envGetHandle
00116710 00000050 W envDestroyHandles
00116760 00000074 T osConvertVirtToPhys
001167d4 00000034 T __ctru_speedup_config
00116808 0000012c T srvInit
00116934 00000058 T srvExit
0011698c 00000060 T srvEnableNotification
001169ec 000000a0 T srvGetServiceHandleDirect
00116a8c 00000038 T srvGetServiceHandle
00116ac4 00000034 T srvSubscribe
00116af8 00000060 T srvReceiveNotification
00116b58 00000038 T srvPublishToSubscriber
00116b90 0000000c T __sync_init
00116b9c 00000018 T __sync_fini
00116bb4 0000002c T syncArbitrateAddress
00116be0 0000001c T LightLock_Init
00116bfc 000000ac T LightLock_Lock
00116ca8 00000040 T LightLock_Unlock
00116ce8 00000030 T RecursiveLock_Lock
00116d18 00000054 T RecursiveLock_Unlock
00116d6c 00000040 T LightEvent_Init
00116dac 000000a4 T LightEvent_Clear
00116e50 000000c8 T LightEvent_Signal
00116f18 00000050 T LightEvent_TryWait
00116f68 000000a0 T LightEvent_Wait
00117008 000001d8 T threadCreate
001171e0 0000002c T threadFree
0011720c 00000024 T threadJoin
00117230 00000030 T threadGetCurrent
00117260 00000040 T threadExit
001172a0 00000020 t _thread_begin
001172c0 000000b4 t mappableFindAddressWithin
00117374 00000028 T mappableInit
0011739c 00000080 T mappableAlloc
0011741c 00000004 T mappableFree
00117420 00000074 T ptmSysmInit
00117494 0000003c T ptmSysmExit
001174d0 00000034 T PTMSYSM_ConfigureNew3DSCPU
00117504 0000000c T srvPmGetSessionHandle
00117510 0000005c T rbtree_node_next
0011756c 00000030 W __appExit
0011759c 00000030 W __appInit
001175cc 00000090 W __libctru_exit
0011765c 00000014 t archive_link
00117670 00000014 t archive_dirreset
00117684 00000014 t archive_chmod
00117698 00000024 t error_cmp
001176bc 00000050 t archive_translate_error
0011770c 000000c8 t archive_seek
001177d4 0000007c t _archiveInit.part.0
00117850 000000c4 t archiveFindDevice.part.0
00117914 00000280 t archive_utf16path
00117b94 0000009c t _archiveUnmountDeviceStruct.part.0
00117c30 00000014 t archive_fchmod
00117c44 00000014 t archive_statvfs
00117c58 00000164 t _archiveMountDevice
00117dbc 000000e8 t archive_diropen
00117ea4 000000a4 t archive_fstat
00117f48 0000006c t archive_fsync
00117fb4 0000006c t archive_close
00118020 00000070 t archive_dirclose
00118090 000000e8 t sdmc_statvfs
00118178 000000ec t archive_chdir
00118264 0000007c t archive_ftruncate
001182e0 000000ac t archive_read
0011838c 000000a4 t archive_unlink
00118430 000000bc t archive_rmdir
001184ec 000000dc t archive_mkdir
001185c8 00000194 t archive_stat
0011875c 00000160 t archive_dirnext
001188bc 00000124 t archive_write
001189e0 0000020c t archive_open
00118bec 00000278 t archive_rename
00118e64 0000019c T archiveMountSdmc
00119000 00000054 T archiveUnmountAll
00119054 0000013c T decode_utf8
00119190 000000e8 T utf16_to_utf8
00119278 000000c0 T utf8_to_utf16
00119338 T __aeabi_read_tp
00119344 00000064 T decode_utf16
001193a8 00000054 T encode_utf16
001193fc 000000e0 T encode_utf8
001194dc 00000004 T operator delete(void*)
001194e0 0000005c T operator new(unsigned int)
0011953c 00000040 T std::__throw_logic_error(char const*)
0011957c 00000040 T std::__throw_length_error(char const*)
001195bc 00000054 W std::__cxx11::basic_string<char, std::char_traits<char>, std::allocator<char> >::_M_create(unsigned int&, unsigned int)
00119610 00000014 W std::__cxx11::basic_string<char, std::char_traits<char>, std::allocator<char> >::_M_dispose()
00119624 00000100 W std::__cxx11::basic_string<char, std::char_traits<char>, std::allocator<char> >::_M_mutate(unsigned int, unsigned int, char const*, unsigned int)
00119724 00000090 W std::__cxx11::basic_string<char, std::char_traits<char>, std::allocator<char> >::_M_append(char const*, unsigned int)
001197b4 00000178 W std::__cxx11::basic_string<char, std::char_traits<char>, std::allocator<char> >::swap(std::__cxx11::basic_string<char, std::char_traits<char>, std::allocator<char> >&)
0011992c 0000000c T std::bad_alloc::what() const
00119938 00000020 T std::bad_alloc::~bad_alloc()
00119938 00000020 T std::bad_alloc::~bad_alloc()
00119958 0000002c T std::bad_alloc::~bad_alloc()
00119984 00000004 T operator delete(void*, unsigned int)
00119988 0000000c W __gnu_cxx::__concurrence_lock_error::what() const
00119994 0000000c W __gnu_cxx::__concurrence_unlock_error::what() const
001199a0 00000020 W __gnu_cxx::__concurrence_lock_error::~__concurrence_lock_error()
001199a0 00000020 W __gnu_cxx::__concurrence_lock_error::~__concurrence_lock_error()
001199c0 0000002c W __gnu_cxx::__concurrence_lock_error::~__concurrence_lock_error()
001199ec 00000020 W __gnu_cxx::__concurrence_unlock_error::~__concurrence_unlock_error()
001199ec 00000020 W __gnu_cxx::__concurrence_unlock_error::~__concurrence_unlock_error()
00119a0c 0000002c W __gnu_cxx::__concurrence_unlock_error::~__concurrence_unlock_error()
00119a38 0000002c W __gnu_cxx::__throw_concurrence_lock_error()
00119a64 0000002c W __gnu_cxx::__throw_concurrence_unlock_error()
00119a90 00000128 t (anonymous namespace)::pool::free(void*) [clone .constprop.0]
00119bb8 000000d8 t (anonymous namespace)::pool::allocate(unsigned int) [clone .constprop.0]
00119c90 00000044 T __cxa_allocate_exception
00119cd4 0000002c T __cxa_free_exception
00119d00 000001b0 t _GLOBAL__sub_I__ZN9__gnu_cxx9__freeresEv
00119eb0 T __cxa_end_cleanup
00119ec0 00000134 T __cxa_type_match
00119ff4 000000b4 T __cxa_begin_cleanup
0011a0a8 000000b4 T __gnu_end_cleanup
0011a15c 000000cc T __cxa_begin_catch
0011a228 000000e0 T __cxa_end_catch
0011a308 00000004 T std::exception::~exception()
0011a308 00000004 T std::exception::~exception()
0011a30c 00000004 T std::bad_exception::~bad_exception()
0011a30c 00000004 T std::bad_exception::~bad_exception()
0011a310 0000000c T transaction clone for std::bad_exception::what() const
0011a310 0000000c T std::bad_exception::what() const
0011a31c 00000018 T std::bad_exception::~bad_exception()
0011a334 0000003c t eh_globals_dtor(void*)
0011a370 00000038 T __cxa_get_globals_fast
0011a3a8 00000074 T __cxa_get_globals
0011a41c 00000040 t _GLOBAL__sub_I__ZN17__eh_globals_init7_S_initE
0011a45c 00000034 t _GLOBAL__sub_D__ZN17__eh_globals_init7_S_initE
0011a490 00000148 t read_encoded_value_with_base(unsigned char, unsigned int, unsigned char const*, unsigned int*)
0011a5d8 00000058 t base_of_encoded_value(unsigned char, _Unwind_Context*)
0011a630 000000d8 t parse_lsda_header(_Unwind_Context*, unsigned char const*, lsda_header_info*)
0011a708 000006dc T __gxx_personality_v0
0011ade4 00000014 T __cxxabiv1::__terminate(void (*)())
0011adf8 00000018 T std::terminate()
0011ae10 0000000c T __cxxabiv1::__unexpected(void (*)())
0011ae1c 00000018 T std::unexpected()
0011ae34 00000014 T std::get_terminate()
0011ae48 00000014 T std::get_unexpected()
0011ae5c 00000060 t __gxx_exception_cleanup(_Unwind_Reason_Code, _Unwind_Control_Block*)
0011aebc 00000054 T __cxa_init_primary_exception
0011af10 00000054 T __cxa_throw
0011af64 000000b0 T __cxa_rethrow
0011b014 00000014 T std::get_new_handler()
0011b028 00000020 T __cxxabiv1::__si_class_type_info::~__si_class_type_info()
0011b028 00000020 T __cxxabiv1::__si_class_type_info::~__si_class_type_info()
0011b048 0000002c T __cxxabiv1::__si_class_type_info::~__si_class_type_info()
0011b074 00000138 T __cxxabiv1::__si_class_type_info::__do_dyncast(int, __cxxabiv1::__class_type_info::__sub_kind, __cxxabiv1::__class_type_info const*, void const*, __cxxabiv1::__class_type_info const*, void const*, __cxxabiv1::__class_type_info::__dyncast_result&) const
0011b1ac 00000088 T __cxxabiv1::__si_class_type_info::__do_find_public_src(int, void const*, __cxxabiv1::__class_type_info const*, void const*) const
0011b234 00000044 T __cxxabiv1::__si_class_type_info::__do_upcast(__cxxabiv1::__class_type_info const*, void const*, __cxxabiv1::__class_type_info::__upcast_result&) const
0011b278 00000004 T std::type_info::~type_info()
0011b278 00000004 T std::type_info::~type_info()
0011b27c 00000008 T std::type_info::__is_pointer_p() const
0011b27c 00000008 T std::type_info::__is_function_p() const
0011b284 00000008 T std::logic_error::what() const
0011b284 00000008 T std::runtime_error::what() const
0011b28c 00000098 T std::logic_error::~logic_error()
0011b28c 00000098 T std::logic_error::~logic_error()
0011b324 00000098 T std::length_error::~length_error()
0011b324 00000098 T std::length_error::~length_error()
0011b3bc 000000a0 T std::logic_error::~logic_error()
0011b45c 000000a0 T std::length_error::~length_error()
0011b4fc 000000d4 T std::logic_error::logic_error(char const*)
0011b4fc 000000d4 T std::logic_error::logic_error(char const*)
0011b5d0 00000020 T std::length_error::length_error(char const*)
0011b5d0 00000020 T std::length_error::length_error(char const*)
0011b5f0 00000084 W std::string::_Rep::_S_create(unsigned int, unsigned int, std::allocator<char> const&)
0011b674 00000004 W std::string::_Rep::_M_destroy(std::allocator<char> const&)
0011b678 0000005c T __cxxabiv1::__class_type_info::__do_upcast(__cxxabiv1::__class_type_info const*, void**) const
0011b6d4 00000014 T __cxxabiv1::__class_type_info::__do_find_public_src(int, void const*, __cxxabiv1::__class_type_info const*, void const*) const
0011b6e8 00000020 T __cxxabiv1::__class_type_info::~__class_type_info()
0011b6e8 00000020 T __cxxabiv1::__class_type_info::~__class_type_info()
0011b708 0000002c T __cxxabiv1::__class_type_info::~__class_type_info()
0011b734 00000064 T __cxxabiv1::__class_type_info::__do_upcast(__cxxabiv1::__class_type_info const*, void const*, __cxxabiv1::__class_type_info::__upcast_result&) const
0011b798 0000007c T __cxxabiv1::__class_type_info::__do_catch(std::type_info const*, void**, unsigned int) const
0011b814 000000d4 T __cxxabiv1::__class_type_info::__do_dyncast(int, __cxxabiv1::__class_type_info::__sub_kind, __cxxabiv1::__class_type_info const*, void const*, __cxxabiv1::__class_type_info const*, void const*, __cxxabiv1::__class_type_info::__dyncast_result&) const
0011b8e8 00000070 t __cxxabiv1::__is_gxx_exception_class(char*)
0011b958 0000002c T __cxa_call_terminate
0011b984 00000148 T __cxa_call_unexpected
0011bacc 00000120 T __udivmoddi4
0011bbec 00000018 t selfrel_offset31
0011bc04 00000090 t search_EIT_table
0011bc94 00000040 t __gnu_unwind_get_pr_addr
0011bcd4 0000010c t get_eit_entry
0011bde0 00000088 t restore_non_core_regs
0011be68 00000014 t _Unwind_decode_typeinfo_ptr.constprop.0
0011be7c 00000004 t _Unwind_DebugHook
0011be80 00000064 t unwind_phase2
0011bee4 00000140 t unwind_phase2_forced
0011c024 000000a4 T __gnu_Unwind_RaiseException
0011c0c8 00000028 T __gnu_Unwind_ForcedUnwind
0011c0f0 00000074 T __gnu_Unwind_Resume
0011c164 0000002c T __gnu_Unwind_Resume_or_Rethrow
0011c190 00000004 T _Unwind_Complete
0011c194 00000018 T _Unwind_DeleteException
0011c1ac 00000064 T _Unwind_VRS_Get
0011c210 0000002c t _Unwind_GetGR
0011c23c 00000064 T _Unwind_VRS_Set
0011c2a0 0000002c t _Unwind_SetGR
0011c2cc 000000c0 T __gnu_Unwind_Backtrace
0011c38c 00000410 t __gnu_unwind_pr_common
0011c79c 00000008 T __aeabi_unwind_cpp_pr0
0011c7a4 00000008 W __aeabi_unwind_cpp_pr1
0011c7ac 00000008 W __aeabi_unwind_cpp_pr2
0011c7b4 00000458 T _Unwind_VRS_Pop
0011cc0c 00000064 t next_unwind_byte
0011cc70 0000002c t _Unwind_GetGR.constprop.0
0011cc9c 00000004 t unwind_UCB_from_context
0011cca0 00000460 T __gnu_unwind_execute
0011d100 00000048 T __gnu_unwind_frame
0011d148 00000010 T _Unwind_GetRegionStart
0011d158 0000001c T _Unwind_GetLanguageSpecificData
0011d174 00000008 T _Unwind_GetDataRelBase
0011d17c 00000008 T _Unwind_GetTextRelBase
0011d184 000000d8 T strncmp
0011d25c 00000130 T strchr
0011d38c 00000024 T getenv
0011d3b0 0000005c T strlen
0011d40c 00000160 T memmove
0011d56c 000000e0 T memchr
0011d64c 000000d4 T memcmp
0011d720 000001e4 t _strtoul_l.isra.0
0011d904 00000034 T strtoul
0011d938 000000e4 T strncat
0011da1c 00000078 T bsearch
0011da94 00000344 T _fread_r
0011ddd8 00000038 T fread
0011de10 00000020 T calloc
0011de30 0000096c T qsort
0011e79c 00000014 T abort
0011e7b0 00000038 t lflush
0011e7e8 0000019c T __srefill_r
0011e984 00000148 T _fclose_r
0011eacc 00000018 T fclose
0011eae4 000000c0 T _calloc_r
0011eba4 00000144 T __smakebuf_r
0011ece8 0000008c T __swhatbuf_r
0011ed74 00000020 T realloc
0011ed94 00000020 T memalign
0011edb4 0000001c t stdio_exit_handler
0011edd0 0000005c t cleanup_stdio
0011ee2c 00000154 t global_stdio_init.part.0
0011ef80 00000134 T __sfp
0011f0b4 0000005c T __sinit
0011f110 0000000c T __sfp_lock_acquire
0011f11c 0000000c T __sfp_lock_release
0011f128 000007e8 T _malloc_r
0011f910 000000f8 T _malloc_trim_r
0011fa08 00000300 T _free_r
0011fd08 00000294 T setvbuf
0011ff9c 0000004c T strnlen
0011ffe8 0000000c T __errno
0011fff4 00000034 T malloc
00120028 00000018 T free
00120040 00000130 T memcpy
00120170 00000034 T printf
001201a4 00000134 T _fopen_r
001202d8 00000020 T fopen
001202f8 000000e0 T _puts_r
001203d8 00000018 T puts
001203f0 000000c8 T _findenv_r
001204b8 000000e8 T memset
001205a0 000004a4 T _realloc_r
00120a44 00000070 T _fwalk_sglue
00120ab4 0000000c T __malloc_lock
00120ac0 0000000c T __malloc_unlock
00120acc 0000002c T ftell
00120af8 00000004 W __call_exitprocs
00120afc 00000030 T exit
00120b2c 0000001c T _fseek_r
00120b48 00000034 T fseek
00120b7c 000000c4 T strncpy
00120c40 000000b4 T __sflags
00120cf4 00000084 T __libc_init_array
00120d78 00000228 T __sflush_r
00120fa0 00000094 T _fflush_r
00121034 00000090 T _raise_r
001210c4 00000018 T raise
001210dc 0000000c T __env_lock
001210e8 0000000c T __env_unlock
001210f4 00000480 T __sfvwrite_r
00121574 00000150 T _memalign_r
001216c4 0000003c T __libc_fini_array
00121700 0000058c T _fseeko_r
00121c8c 00000044 T __sread
00121cd0 00000068 T __swrite
00121d38 00000040 T __sseek
00121d78 00000008 T __sclose
00121d80 000005e4 t get_arg
00122368 0000342c T _vfprintf_r
00125794 000000b8 t __sbprintf
0012584c 000001b4 t quorem
00125a00 00001370 T _dtoa_r
00126d70 000000a0 T _wcrtomb_r
00126e10 000001b0 T _ftello_r
00126fc0 00000028 T _wcsrtombs_r
00126fe8 00000194 T __swsetup_r
00127180 00000088 T frexp
00127208 0000005c T __assert_func
00127264 00000088 T _Balloc
001272ec 0000001c T _Bfree
00127308 000000f4 T __multadd
001273fc 00000080 T __hi0bits
0012747c 000000f4 T __lo0bits
00127570 000000a4 T __i2b
00127614 00000208 T __multiply
0012781c 00000130 T __pow5mult
0012794c 00000138 T __lshift
00127a84 00000058 T __mcmp
00127adc 000001f0 T __mdiff
00127ccc 00000120 T __d2b
00127dec 00000024 T __locale_mb_cur_max
00127e10 0000003c T fiprintf
00127e4c 00000160 T _wcsnrtombs_l
00127fac 00000064 T _wcsnrtombs_r
00128010 00000324 T __utf8_mbtowc
00128334 00000030 T __sprint_r
00128364 00000024 T _localeconv_r
00128388 000000f0 T __utf8_wctomb
00128478 000005e4 t get_arg
00128a5c 00002264 T _vfiprintf_r
0012acc0 000000b8 t __sbprintf
0012ad78 00000020 T _exit
0012ad98 0000013c T chdir
0012aed4 000001cc T _concatenate_path
0012b0a0 00000068 t __dirnext
0012b108 000000f4 T opendir
0012b1fc 00000090 T closedir
0012b28c 000000ec T readdir_r
0012b378 00000040 T readdir
0012b3b8 00000088 T _fstat_r
0012b440 00000014 T _getpid_r
0012b454 0000002c T __getreent
0012b480 0000008c T __release_handle
0012b50c 000000b0 T __alloc_handle
0012b5bc 0000003c T __get_handle
0012b5f8 000000f4 T _close_r
0012b6ec 00000008 t null_write
0012b6f4 00000018 T setDefaultDevice
0012b70c 000000c8 T FindDevice
0012b7d4 00000028 T RemoveDevice
0012b7fc 00000098 T AddDevice
0012b894 00000020 T GetDeviceOpTab
0012b8b4 00000008 T _isatty_r
0012b8bc 00000014 T _kill_r
0012b8d0 0000008c T _lseek_r
0012b95c 000000bc T _open_r
0012ba18 00000088 T _read_r
0012baa0 00000078 W _sbrk_r
0012bb18 0000001c T __libc_lock_acquire
0012bb34 0000001c T __libc_lock_release
0012bb50 0000001c T __libc_lock_acquire_recursive
0012bb6c 0000001c T __libc_lock_release_recursive
0012bb88 00000088 T _write_r
0012bc10 00000048 T strrchr
0012bc58 T _fini
0012c06c r .LC5
0012c2d4 r .LC2
0012c3f8 00000800 r vwin1024
0012cbf8 00000100 r vwin128
0012ccf8 00001000 r vwin2048
0012dcf8 00000200 r vwin256
0012def8 00002000 r vwin4096
0012fef8 00000400 r vwin512
001302f8 00000080 r vwin64
00130378 00004000 r vwin8192
00134378 00000400 r FLOOR_fromdB_LOOKUP
00134778 00000008 r ADJUST_SQRT2
00134780 00000204 r COS_LOOKUP_I
00134984 00000080 r FROMdB2_LOOKUP
00134a04 0000008c r FROMdB_LOOKUP
00134a90 00000104 r INVSQ_LOOKUP_I
00134b94 00000100 r INVSQ_LOOKUP_IDel
00134c94 00000070 r barklook
00134d04 00000010 r bitrev
00134d14 00001008 r sincos_lookup0
00135d1c 00001000 r sincos_lookup1
00136d1c 00002000 r crc_lookup
00138d1c 00000084 r mask
00138da0 00000080 r dotab_stdout
00138e20 00000018 r grayScale
00138e38 00000006 r colorCube
00138e40 00000030 r colorTable
00138e70 00000011 r dsp_filename.0
00138e84 00000008 r morton_y.2
00138e8c 00000008 r morton_x.3
00138e94 00000008 r s_sleepWakeEvents.4
00138e9c R default_font_bin
0013969c R default_font_bin_end
0013969c 00000030 r error_table
001396cc 00000080 r archive_devoptab
0013974c 0000000d R typeinfo name for std::bad_alloc
0013975c 0000000c R typeinfo for std::bad_alloc
00139768 00000014 R vtable for std::bad_alloc
0013977c 00000027 V typeinfo name for __gnu_cxx::__concurrence_lock_error
001397a4 0000000c V typeinfo for __gnu_cxx::__concurrence_lock_error
001397b0 00000029 V typeinfo name for __gnu_cxx::__concurrence_unlock_error
001397dc 0000000c V typeinfo for __gnu_cxx::__concurrence_unlock_error
001397e8 00000014 V vtable for __gnu_cxx::__concurrence_lock_error
001397fc 00000014 V vtable for __gnu_cxx::__concurrence_unlock_error
00139810 0000000d R typeinfo name for std::exception
00139820 00000008 R typeinfo for std::exception
00139828 00000012 R typeinfo name for std::bad_exception
0013983c 0000000c R typeinfo for std::bad_exception
00139848 00000020 R typeinfo name for __cxxabiv1::__forced_unwind
00139868 00000008 R typeinfo for __cxxabiv1::__forced_unwind
00139870 00000024 R typeinfo name for __cxxabiv1::__foreign_exception
00139894 00000008 R typeinfo for __cxxabiv1::__foreign_exception
0013989c 00000014 R vtable for std::bad_exception
001398c4 00000025 R typeinfo name for __cxxabiv1::__si_class_type_info
001398ec 0000000c R typeinfo for __cxxabiv1::__si_class_type_info
001398f8 0000002c R vtable for __cxxabiv1::__si_class_type_info
00139924 0000000d R typeinfo name for std::type_info
00139934 00000008 R typeinfo for std::type_info
0013993c 00000010 R typeinfo name for std::logic_error
0013994c 0000000c R typeinfo for std::logic_error
00139958 00000011 R typeinfo name for std::length_error
0013996c 0000000c R typeinfo for std::length_error
00139978 00000014 R vtable for std::logic_error
0013998c 00000014 R vtable for std::length_error
001399a0 00000022 R typeinfo name for __cxxabiv1::__class_type_info
001399c4 0000000c R typeinfo for __cxxabiv1::__class_type_info
001399d0 0000002c R vtable for __cxxabiv1::__class_type_info
00139a14 00000101 R _ctype_
00139c3c 00000010 r zeroes.0
00139c4c 00000010 r blanks.1
00139c64 0000006c R __action_table
00139cd0 0000006c R __state_table
00139d3c 00000100 R __chclass
00139e3c 0000000c r p05.0
00139e48 00000028 R __mprec_bigtens
00139e70 000000c8 R __mprec_tens
0013a024 00000010 r zeroes.0
0013a034 00000010 r blanks.1
0013a044 00000080 R dotab_stdnull
0013a0c4 R __tdata_align
0013a0c8 r __EH_FRAME_BEGIN__
0013a1b4 R __exidx_start
0013a3bc R __exidx_end
0013b000 00000008 D _floor_P
0013b008 00000004 D _mapping_P
0013b00c 0000000c D _residue_P
0013b018 00000018 D floor1_exportbundle
0013b030 00000018 D floor0_exportbundle
0013b048 00000014 D residue0_exportbundle
0013b05c 00000014 D residue1_exportbundle
0013b070 00000014 D residue2_exportbundle
0013b084 00000014 D mapping0_exportbundle
0013b098 00000001 d firstConsoleInit.0
0013b09c 00000004 D currentConsole
0013b0a0 00000048 D defaultConsole
0013b0e8 00000004 d aptChainloadDeliverArgSize
0013b0ec 00000004 d kCount
0013b0f0 00000004 d kInterval
0013b0f4 00000004 d kDelay
0013b0f8 W __stacksize__
0013b0fc 00000004 D __cxxabiv1::__unexpected_handler
0013b100 00000004 D __cxxabiv1::__terminate_handler
0013b104 00000004 D _impure_ptr
0013b108 00000120 D _impure_data
0013b228 0000000c D __sglue
0013b234 00000004 D __malloc_sbrk_base
0013b238 00000004 D __malloc_trim_threshold
0013b240 00000408 D __malloc_av_
0013b648 00000004 D environ
0013b64c 0000016c D __global_locale
0013b7b8 00000400 d _current_working_directory
0013bbb8 00001000 d handles
0013cbb8 0000000c d __stderr_handle
0013cbc4 0000000c d __stdout_handle
0013cbd0 0000000c d __stdin_handle
0013cbdc 0000008c D devoptab_list
0013cc68 00000004 d defaultDevice
0013cc74 d _GLOBAL_OFFSET_TABLE_
0013cc80 d __frame_dummy_init_array_entry
0013cc80 D __init_array_start
0013cc80 B __preinit_array_end
0013cc80 B __preinit_array_start
0013cc80 D __tdata_lma
0013cc80 D __tdata_lma_end
0013cc8c d __do_global_dtors_aux_fini_array_entry
0013cc8c D __fini_array_start
0013cc8c D __init_array_end
0013cc94 D __bss_start__
0013cc94 D __fini_array_end
0013cc98 00000298 B vf
0013cf30 00000004 B vi
0013cf34 00000010 b audioBuffers
0013cf44 00000060 b waveBufs
0013cfa4 b completed.1
0013cfa8 b object.0
0013cfc0 00000004 b seq
0013cfc8 00000008 b sLinearPool
0013cfd0 0000000c b sAddrMap
0013cfdc 0000001c b escapeSeq
0013cff8 00000048 B currentCopy
0013d040 00000004 b screenAlloc
0013d044 00000004 b screenFree
0013d048 00000002 b gfxIsDoubleBuf
0013d04c 00000002 b gfxCurBuf
0013d04e 00000001 b gfxIsVram
0013d04f 00000001 b gfxTopMode
0013d050 00000002 b gfxFramebufferFormats
0013d054 00000004 b gfxBottomFramebufferMaxSize
0013d058 00000004 b gfxTopFramebufferMaxSize
0013d060 00000008 b gfxBottomFramebuffers
0013d068 00000008 b gfxTopFramebuffers
0013d070 00000c60 b ndspChn
0013dcd0 00000004 b ndspRefCount
0013dcd4 00000048 b ndspMaster
0013dd1c 00000004 b ndspThread
0013dd20 00000001 b ndspThreadRun
0013dd24 00001080 b dspVar5Backup
0013eda4 00000004 b ndspMutex
0013eda8 00000008 b sleepEvent
0013edb0 00000004 b dspSem
0013edb4 00000004 b irqEvent
0013edb8 00000008 b ndspHookCookie
0013edc0 00000001 b componentFree
0013edc2 00000002 b componentDataMask
0013edc4 00000002 b componentProgMask
0013edc8 00000004 b componentSize
0013edcc 00000004 b componentBin
0013edd0 00000004 b frameCount
0013edd4 00000004 b droppedFrames
0013edd8 00000001 b bCancelReceived
0013edd9 00000001 b bSleeping
0013edda 00000001 b bEnteringSleep
0013eddb 00000001 b bDspReady
0013eddc 00000080 B ndspVars
0013ee5c 00000002 B ndspBufferId
0013ee5e 00000002 B ndspBufferCurId
0013ee60 00000002 B ndspFrameId
0013ee62 00000001 b flagValue.0
0013ee63 00000001 b flagInit.1
0013ee64 00000004 b serviceName.6
0013ee68 00000001 b aptChainloadFlags
0013ee69 00000001 b aptChainloadMediatype
0013ee6c 00000020 b aptChainloadHmac
0013ee8c 00000300 b aptChainloadDeliverArg
0013f190 00000008 b aptChainloadTid
0013f198 00001000 b aptParameters
00140198 00000004 b aptFlags
0014019c 00000001 b aptHomeButtonState
001401a0 00000004 b aptMessageFuncData
001401a4 00000004 b aptMessageFunc
001401a8 0000000c b aptFirstHook
001401b4 00000001 b aptEventHandlerThreadQuit
001401b8 00000004 b aptEventHandlerThread
001401bc 00000008 b aptSleepEvent
001401c4 00000008 b aptReceiveEvent
001401cc 00000008 b aptEvents
001401d4 00000004 b aptLockHandle
001401d8 00000004 b aptRefCount
001401dc 00000004 b cfguRefCount
001401e0 00000004 b cfguHandle
001401e4 00000002 b dspSavedCompDataMask
001401e6 00000002 b dspSavedCompProgMask
001401e8 00000004 b dspSavedCompSize
001401ec 00000004 b dspSavedCompBin
001401f0 00000001 b dspSleeping
001401f1 00000001 b dspComponentLoaded
001401f4 00000008 b dspFirstHook
001401fc 00000004 b dspRefCount
00140200 00000004 b dspHandle
00140208 00000080 b fsExemptArchives
00140288 00000004 b fsuRefCount
0014028c 00000004 b fsuHandle
00140290 00000007 b gspEventCbOneShot
00140298 0000001c b gspEventCbData
001402b4 0000001c b gspEventCb
001402d0 00000038 b gspEvents
00140308 00000004 b gspLastEvent
0014030c 00000001 b gspRunEvents
00140310 00000004 b gspEventThread
00140314 00000004 b gspEvent
00140318 00000001 b gspGpuRight
00140319 00000001 b gspThreadId
0014031c 00000004 b gspSharedMem
00140320 00000004 b gspSharedMemHandle
00140324 00000004 b gspRefCount
00140328 00000004 b gspGpuHandle
0014032c 00000001 b usingIrrst
00140330 00000004 b hidRefCount
00140334 00000006 b gRate
0014033c 00000006 b aVec
00140344 00000004 b cPos
00140348 00000004 b tPos
0014034c 00000004 b kRepeat
00140350 00000004 b kUp
00140354 00000004 b kDown
00140358 00000004 b kHeld
0014035c 00000004 b kOld
00140360 00000004 B hidSharedMem
00140364 00000014 B hidEvents
00140378 00000004 B hidMemHandle
0014037c 00000004 B hidHandle
00140380 00000004 b irrstRefCount
00140384 00000004 b csPos
00140388 00000004 b kHeld
0014038c 00000004 B irrstSharedMem
00140390 00000004 B irrstEvent
00140394 00000004 B irrstMemHandle
00140398 00000004 B irrstHandle
0014039c 00000004 V __ctru_linear_heap_size
001403a0 00000004 V __ctru_heap_size
001403a4 00000004 B __ctru_linear_heap
001403a8 00000004 B __ctru_heap
001403ac 00000004 B __system_retAddr
001403b0 00000004 B __system_argv
001403b4 00000004 B __system_argc
001403b8 b saved_stack
001403c0 00000008 b sVramPoolB
001403c8 00000008 b sVramPoolA
001403d0 0000000c b sAddrMap
001403dc 00000004 B __3dslink_host
001403e0 00000001 V __ctru_speedup
001403e4 00000004 b srvRefCount
001403e8 00000004 b srvHandle
001403ec 00000004 b arbiter
001403f0 00000004 b currentAddr
001403f4 00000004 b maxAddr
001403f8 00000004 b minAddr
001403fc 00000004 b ptmSysmRefCount
00140400 00000004 b ptmSysmHandle
00140404 00000004 b srvPmHandle
00140408 000005c0 b archive_devices
001409c8 00000004 b archive_device_cwd
001409cc 00000001 b archive_initialized
001409d0 0000001c b (anonymous namespace)::emergency_pool
001409ec 00000004 b init
001409f0 00000001 B __eh_globals_init::_S_init
001409f4 0000000c b (anonymous namespace)::eh_globals
00140a00 00000004 b (anonymous namespace)::__new_handler
00140a04 00000010 V std::string::_Rep::_S_empty_rep_storage
00140a14 0000000c b __sfp_recursive_mutex
00140a20 00000168 B __sf
00140b88 00000004 B __stdio_exit_handler
00140b8c 00000028 B __malloc_current_mallinfo
00140bb4 00000004 B __malloc_max_total_mem
00140bb8 00000004 B __malloc_max_sbrked_mem
00140bbc 00000004 B __malloc_top_pad
00140bc0 0000000c b __malloc_recursive_mutex
00140bcc 0000000c b __env_recursive_mutex
00140bd8 00000004 b initial_env
00140bdc 00000400 b temp_cwd
00140fdc 00000004 b __hndl_lock
00140fe0 00000004 B fake_heap_start
00140fe4 00000004 B fake_heap_end
00140fe8 00000004 b heap_start.0
00140fec B __tls_start
00141bf4 B __bss_end__
00141bf4 A __end__
00141bf4 B __tls_end
